2012/03/16 21:33:51 [error] [php] PDO::__construct(): [2002] Operation timed out (trying to connect via tcp://nyktralivet-150277.mysql.binero.se:3306) (/Users/richardhenriksson/Sites/Yii/framework/db/CDbConnection.php:405)
Stack trace:
#0 /Users/richardhenriksson/Sites/Yii/framework/db/CDbConnection.php(313): CDbConnection->open()
#1 /Users/richardhenriksson/Sites/Yii/framework/db/CDbConnection.php(291): CDbConnection->setActive()
#2 /Users/richardhenriksson/Sites/Yii/framework/base/CModule.php(372): CDbConnection->init()
#3 /Users/richardhenriksson/Sites/Yii/framework/base/CModule.php(86): CWebApplication->getComponent()
#4 /Users/richardhenriksson/Sites/nyktralivet/protected/views/site/index.php(8): CWebApplication->__get()
#5 /Users/richardhenriksson/Sites/Yii/framework/web/CBaseController.php(119): require()
#6 /Users/richardhenriksson/Sites/Yii/framework/web/CBaseController.php(88): SiteController->renderInternal()
#7 /Users/richardhenriksson/Sites/Yii/framework/web/CController.php(866): SiteController->renderFile()
#8 /Users/richardhenriksson/Sites/Yii/framework/web/CController.php(779): SiteController->renderPartial()
#9 /Users/richardhenriksson/Sites/nyktralivet/protected/controllers/SiteController.php(13): SiteController->render()
#10 /Users/richardhenriksson/Sites/Yii/framework/web/actions/CInlineAction.php(50): SiteController->actionIndex()
#11 /Users/richardhenriksson/Sites/Yii/framework/web/CController.php(300): CInlineAction->runWithParams()
#12 /Users/richardhenriksson/Sites/Yii/framework/web/CController.php(278): SiteController->runAction()
#13 /Users/richardhenriksson/Sites/Yii/framework/web/CController.php(257): SiteController->runActionWithFilters()
#14 /Users/richardhenriksson/Sites/Yii/framework/web/CWebApplication.php(277): SiteController->run()
#15 /Users/richardhenriksson/Sites/Yii/framework/web/CWebApplication.php(136): CWebApplication->runController()
#16 /Users/richardhenriksson/Sites/Yii/framework/base/CApplication.php(158): CWebApplication->processRequest()
#17 /Users/richardhenriksson/Sites/nyktralivet/index.php(13): CWebApplication->run()
REQUEST_URI=/~richardhenriksson/nyktralivet/
in /Users/richardhenriksson/Sites/nyktralivet/protected/views/site/index.php (8)
in /Users/richardhenriksson/Sites/nyktralivet/protected/controllers/SiteController.php (13)
in /Users/richardhenriksson/Sites/nyktralivet/index.php (13)
2012/03/16 21:45:52 [error] [php] PDO::__construct(): [2002] Operation timed out (trying to connect via tcp://nyktralivet-150277.mysql.binero.se:3306) (/Users/richardhenriksson/Sites/Yii/framework/db/CDbConnection.php:405)
Stack trace:
#0 /Users/richardhenriksson/Sites/Yii/framework/db/CDbConnection.php(313): CDbConnection->open()
#1 /Users/richardhenriksson/Sites/Yii/framework/db/CDbConnection.php(291): CDbConnection->setActive()
#2 /Users/richardhenriksson/Sites/Yii/framework/base/CModule.php(372): CDbConnection->init()
#3 /Users/richardhenriksson/Sites/Yii/framework/base/CModule.php(86): CWebApplication->getComponent()
#4 /Users/richardhenriksson/Sites/nyktralivet/protected/views/site/index.php(8): CWebApplication->__get()
#5 /Users/richardhenriksson/Sites/Yii/framework/web/CBaseController.php(119): require()
#6 /Users/richardhenriksson/Sites/Yii/framework/web/CBaseController.php(88): SiteController->renderInternal()
#7 /Users/richardhenriksson/Sites/Yii/framework/web/CController.php(866): SiteController->renderFile()
#8 /Users/richardhenriksson/Sites/Yii/framework/web/CController.php(779): SiteController->renderPartial()
#9 /Users/richardhenriksson/Sites/nyktralivet/protected/controllers/SiteController.php(13): SiteController->render()
#10 /Users/richardhenriksson/Sites/Yii/framework/web/actions/CInlineAction.php(50): SiteController->actionIndex()
#11 /Users/richardhenriksson/Sites/Yii/framework/web/CController.php(300): CInlineAction->runWithParams()
#12 /Users/richardhenriksson/Sites/Yii/framework/web/CController.php(278): SiteController->runAction()
#13 /Users/richardhenriksson/Sites/Yii/framework/web/CController.php(257): SiteController->runActionWithFilters()
#14 /Users/richardhenriksson/Sites/Yii/framework/web/CWebApplication.php(277): SiteController->run()
#15 /Users/richardhenriksson/Sites/Yii/framework/web/CWebApplication.php(136): CWebApplication->runController()
#16 /Users/richardhenriksson/Sites/Yii/framework/base/CApplication.php(158): CWebApplication->processRequest()
#17 /Users/richardhenriksson/Sites/nyktralivet/index.php(13): CWebApplication->run()
REQUEST_URI=/~richardhenriksson/nyktralivet/
in /Users/richardhenriksson/Sites/nyktralivet/protected/views/site/index.php (8)
in /Users/richardhenriksson/Sites/nyktralivet/protected/controllers/SiteController.php (13)
in /Users/richardhenriksson/Sites/nyktralivet/index.php (13)
2012/03/17 21:50:09 [error] [system.db.CDbCommand] Error in preparing SQL: SELECT * FROM test WHERE id=1
in /Users/richardhenriksson/Sites/nyktralivet/protected/views/site/index.php (11)
in /Users/richardhenriksson/Sites/nyktralivet/protected/controllers/SiteController.php (13)
in /Users/richardhenriksson/Sites/nyktralivet/index.php (13)
2012/03/17 21:50:09 [error] [system.db.CDbCommand] CDbCommand::fetch() failed: CDbCommand failed to prepare the SQL statement: SQLSTATE[HY000]: General error: 1 no such table: test. The SQL statement executed was: SELECT * FROM test WHERE id=1.
in /Users/richardhenriksson/Sites/nyktralivet/protected/views/site/index.php (11)
in /Users/richardhenriksson/Sites/nyktralivet/protected/controllers/SiteController.php (13)
in /Users/richardhenriksson/Sites/nyktralivet/index.php (13)
2012/03/17 21:50:09 [error] [exception.CDbException] exception 'CDbException' with message 'CDbCommand failed to execute the SQL statement: CDbCommand failed to prepare the SQL statement: SQLSTATE[HY000]: General error: 1 no such table: test. The SQL statement executed was: SELECT * FROM test WHERE id=1' in /Users/richardhenriksson/Sites/Yii/framework/db/CDbCommand.php:516
Stack trace:
#0 /Users/richardhenriksson/Sites/Yii/framework/db/CDbCommand.php(393): CDbCommand->queryInternal('fetch', Array, Array)
#1 /Users/richardhenriksson/Sites/nyktralivet/protected/views/site/index.php(11): CDbCommand->queryRow()
#2 /Users/richardhenriksson/Sites/Yii/framework/web/CBaseController.php(119): require('/Users/richardh...')
#3 /Users/richardhenriksson/Sites/Yii/framework/web/CBaseController.php(88): CBaseController->renderInternal('/Users/richardh...', NULL, true)
#4 /Users/richardhenriksson/Sites/Yii/framework/web/CController.php(866): CBaseController->renderFile('/Users/richardh...', NULL, true)
#5 /Users/richardhenriksson/Sites/Yii/framework/web/CController.php(779): CController->renderPartial('index', NULL, true)
#6 /Users/richardhenriksson/Sites/nyktralivet/protected/controllers/SiteController.php(13): CController->render('index')
#7 /Users/richardhenriksson/Sites/Yii/framework/web/actions/CInlineAction.php(50): SiteController->actionIndex()
#8 /Users/richardhenriksson/Sites/Yii/framework/web/CController.php(300): CInlineAction->runWithParams(Array)
#9 /Users/richardhenriksson/Sites/Yii/framework/web/CController.php(278): CController->runAction(Object(CInlineAction))
#10 /Users/richardhenriksson/Sites/Yii/framework/web/CController.php(257): CController->runActionWithFilters(Object(CInlineAction), Array)
#11 /Users/richardhenriksson/Sites/Yii/framework/web/CWebApplication.php(277): CController->run('')
#12 /Users/richardhenriksson/Sites/Yii/framework/web/CWebApplication.php(136): CWebApplication->runController('')
#13 /Users/richardhenriksson/Sites/Yii/framework/base/CApplication.php(158): CWebApplication->processRequest()
#14 /Users/richardhenriksson/Sites/nyktralivet/index.php(13): CApplication->run()
#15 {main} REQUEST_URI=/~richardhenriksson/nyktralivet/
